# JRE version: OpenJDK Runtime Environment (14.0.2+12) (build 14.0.2+12-46)
# Java VM: OpenJDK 64-Bit Server VM (14.0.2+12-46, mixed mode, tiered, compressed oops, g1 gc, windows-amd64)
Heap:
 garbage-first heap   total 90112K, used 47561K [0x0000000601400000, 0x0000000800000000)
  region size 2048K, 11 young (22528K), 1 survivors (2048K)
 Metaspace       used 64348K, capacity 65611K, committed 65996K, reserved 1107968K
  class space    used 7435K, capacity 7837K, committed 7936K, reserved 1048576K
GC Heap History (20 events):
Event: 2550.278 GC heap before
{Heap before GC invocations=603 (full 26):
 garbage-first heap   total 96256K, used 67836K [0x0000000601400000, 0x0000000800000000)
  region size 2048K, 21 young (43008K), 0 survivors (0K)
 Metaspace       used 64167K, capacity 65456K, committed 65740K, reserved 1107968K
  class space    used 7433K, capacity 7833K, committed 7936K, reserved 1048576K
}
Event: 2550.314 GC heap after
{Heap after GC invocations=604 (full 27):
 garbage-first heap   total 96256K, used 27962K [0x0000000601400000, 0x0000000800000000)
  region size 2048K, 0 young (0K), 0 survivors (0K)
 Metaspace       used 64167K, capacity 65456K, committed 65740K, reserved 1107968K
  class space    used 7433K, capacity 7833K, committed 7936K, reserved 1048576K
}
Event: 2551.052 GC heap before
{Heap before GC invocations=604 (full 27):
 garbage-first heap   total 96256K, used 77114K [0x0000000601400000, 0x0000000800000000)
  region size 2048K, 24 young (49152K), 0 survivors (0K)
 Metaspace       used 64167K, capacity 65456K, committed 65740K, reserved 1107968K
  class space    used 7433K, capacity 7833K, committed 7936K, reserved 1048576K
}
Event: 2551.052 GC heap after
{Heap after GC invocations=605 (full 27):
 garbage-first heap   total 96256K, used 27992K [0x0000000601400000, 0x0000000800000000)
  region size 2048K, 1 young (2048K), 1 survivors (2048K)
 Metaspace       used 64167K, capacity 65456K, committed 65740K, reserved 1107968K
  class space    used 7433K, capacity 7833K, committed 7936K, reserved 1048576K
}
Event: 2554.590 GC heap before
{Heap before GC invocations=605 (full 27):
 garbage-first heap   total 96256K, used 56664K [0x0000000601400000, 0x0000000800000000)
  region size 2048K, 17 young (34816K), 1 survivors (2048K)
 Metaspace       used 64181K, capacity 65456K, committed 65740K, reserved 1107968K
  class space    used 7433K, capacity 7833K, committed 7936K, reserved 1048576K
}
Event: 2554.623 GC heap after
{Heap after GC invocations=606 (full 28):
 garbage-first heap   total 90112K, used 26043K [0x0000000601400000, 0x0000000800000000)
  region size 2048K, 0 young (0K), 0 survivors (0K)
 Metaspace       used 64181K, capacity 65456K, committed 65740K, reserved 1107968K
  class space    used 7433K, capacity 7833K, committed 7936K, reserved 1048576K
}
Event: 2561.464 GC heap before
{Heap before GC invocations=606 (full 28):
 garbage-first heap   total 90112K, used 73147K [0x0000000601400000, 0x0000000800000000)
  region size 2048K, 24 young (49152K), 0 survivors (0K)
 Metaspace       used 64263K, capacity 65522K, committed 65996K, reserved 1107968K
  class space    used 7433K, capacity 7833K, committed 7936K, reserved 1048576K
}
Event: 2561.465 GC heap after
{Heap after GC invocations=607 (full 28):
 garbage-first heap   total 90112K, used 28872K [0x0000000601400000, 0x0000000800000000)
  region size 2048K, 2 young (4096K), 2 survivors (4096K)
 Metaspace       used 64263K, capacity 65522K, committed 65996K, reserved 1107968K
  class space    used 7433K, capacity 7833K, committed 7936K, reserved 1048576K
}
Event: 2562.129 GC heap before
{Heap before GC invocations=607 (full 28):
 garbage-first heap   total 90112K, used 71880K [0x0000000601400000, 0x0000000800000000)
  region size 2048K, 23 young (47104K), 2 survivors (4096K)
 Metaspace       used 64263K, capacity 65522K, committed 65996K, reserved 1107968K
  class space    used 7433K, capacity 7833K, committed 7936K, reserved 1048576K
}
Event: 2562.130 GC heap after
{Heap after GC invocations=608 (full 28):
 garbage-first heap   total 90112K, used 28949K [0x0000000601400000, 0x0000000800000000)
  region size 2048K, 2 young (4096K), 2 survivors (4096K)
 Metaspace       used 64263K, capacity 65522K, committed 65996K, reserved 1107968K
  class space    used 7433K, capacity 7833K, committed 7936K, reserved 1048576K
}
Event: 2564.054 GC heap before
{Heap before GC invocations=608 (full 28):
 garbage-first heap   total 90112K, used 74005K [0x0000000601400000, 0x0000000800000000)
  region size 2048K, 24 young (49152K), 2 survivors (4096K)
 Metaspace       used 64274K, capacity 65522K, committed 65996K, reserved 1107968K
  class space    used 7433K, capacity 7833K, committed 7936K, reserved 1048576K
}
Event: 2564.055 GC heap after
{Heap after GC invocations=609 (full 28):
 garbage-first heap   total 90112K, used 27189K [0x0000000601400000, 0x0000000800000000)
  region size 2048K, 1 young (2048K), 1 survivors (2048K)
 Metaspace       used 64274K, capacity 65522K, committed 65996K, reserved 1107968K
  class space    used 7433K, capacity 7833K, committed 7936K, reserved 1048576K
}
Event: 2564.130 GC heap before
{Heap before GC invocations=609 (full 28):
 garbage-first heap   total 90112K, used 64053K [0x0000000601400000, 0x0000000800000000)
  region size 2048K, 20 young (40960K), 1 survivors (2048K)
 Metaspace       used 64274K, capacity 65522K, committed 65996K, reserved 1107968K
  class space    used 7433K, capacity 7833K, committed 7936K, reserved 1048576K
}
Event: 2564.164 GC heap after
{Heap after GC invocations=610 (full 29):
 garbage-first heap   total 90112K, used 26477K [0x0000000601400000, 0x0000000800000000)
  region size 2048K, 0 young (0K), 0 survivors (0K)
 Metaspace       used 64274K, capacity 65522K, committed 65996K, reserved 1107968K
  class space    used 7433K, capacity 7833K, committed 7936K, reserved 1048576K
}
Event: 2572.616 GC heap before
{Heap before GC invocations=610 (full 29):
 garbage-first heap   total 90112K, used 67437K [0x0000000601400000, 0x0000000800000000)
  region size 2048K, 22 young (45056K), 0 survivors (0K)
 Metaspace       used 64337K, capacity 65611K, committed 65996K, reserved 1107968K
  class space    used 7435K, capacity 7837K, committed 7936K, reserved 1048576K
}
Event: 2572.652 GC heap after
{Heap after GC invocations=611 (full 30):
 garbage-first heap   total 90112K, used 27961K [0x0000000601400000, 0x0000000800000000)
  region size 2048K, 0 young (0K), 0 survivors (0K)
 Metaspace       used 64337K, capacity 65611K, committed 65996K, reserved 1107968K
  class space    used 7435K, capacity 7837K, committed 7936K, reserved 1048576K
}
Event: 2573.333 GC heap before
{Heap before GC invocations=611 (full 30):
 garbage-first heap   total 90112K, used 73017K [0x0000000601400000, 0x0000000800000000)
  region size 2048K, 22 young (45056K), 0 survivors (0K)
 Metaspace       used 64337K, capacity 65611K, committed 65996K, reserved 1107968K
  class space    used 7435K, capacity 7837K, committed 7936K, reserved 1048576K
}
Event: 2573.334 GC heap after
{Heap after GC invocations=612 (full 30):
 garbage-first heap   total 90112K, used 28269K [0x0000000601400000, 0x0000000800000000)
  region size 2048K, 1 young (2048K), 1 survivors (2048K)
 Metaspace       used 64337K, capacity 65611K, committed 65996K, reserved 1107968K
  class space    used 7435K, capacity 7837K, committed 7936K, reserved 1048576K
}
Event: 2574.631 GC heap before
{Heap before GC invocations=612 (full 30):
 garbage-first heap   total 90112K, used 71277K [0x0000000601400000, 0x0000000800000000)
  region size 2048K, 22 young (45056K), 1 survivors (2048K)
 Metaspace       used 64346K, capacity 65611K, committed 65996K, reserved 1107968K
  class space    used 7435K, capacity 7837K, committed 7936K, reserved 1048576K
}
Event: 2574.631 GC heap after
{Heap after GC invocations=613 (full 30):
 garbage-first heap   total 90112K, used 28052K [0x0000000601400000, 0x0000000800000000)
  region size 2048K, 1 young (2048K), 1 survivors (2048K)
 Metaspace       used 64346K, capacity 65611K, committed 65996K, reserved 1107968K
  class space    used 7435K, capacity 7837K, committed 7936K, reserved 1048576K
}

