# JRE version: OpenJDK Runtime Environment (14.0.2+12) (build 14.0.2+12-46)
# Java VM: OpenJDK 64-Bit Server VM (14.0.2+12-46, mixed mode, tiered, compressed oops, g1 gc, windows-amd64)
Heap:
 garbage-first heap   total 103424K, used 43268K [0x0000000700a00000, 0x0000000800000000)
  region size 1024K, 0 young (0K), 0 survivors (0K)
 Metaspace       used 112289K, capacity 114005K, committed 114172K, reserved 1148928K
  class space    used 14276K, capacity 14865K, committed 14976K, reserved 1048576K
GC Heap History (20 events):
Event: 6203.923 GC heap before
{Heap before GC invocations=1408 (full 24):
 garbage-first heap   total 103424K, used 87199K [0x0000000700a00000, 0x0000000800000000)
  region size 1024K, 44 young (45056K), 1 survivors (1024K)
 Metaspace       used 111900K, capacity 113655K, committed 113916K, reserved 1148928K
  class space    used 14272K, capacity 14860K, committed 14976K, reserved 1048576K
}
Event: 6203.925 GC heap after
{Heap after GC invocations=1409 (full 24):
 garbage-first heap   total 103424K, used 45087K [0x0000000700a00000, 0x0000000800000000)
  region size 1024K, 2 young (2048K), 2 survivors (2048K)
 Metaspace       used 111900K, capacity 113655K, committed 113916K, reserved 1148928K
  class space    used 14272K, capacity 14860K, committed 14976K, reserved 1048576K
}
Event: 6205.037 GC heap before
{Heap before GC invocations=1409 (full 24):
 garbage-first heap   total 103424K, used 87071K [0x0000000700a00000, 0x0000000800000000)
  region size 1024K, 43 young (44032K), 2 survivors (2048K)
 Metaspace       used 111900K, capacity 113655K, committed 113916K, reserved 1148928K
  class space    used 14272K, capacity 14860K, committed 14976K, reserved 1048576K
}
Event: 6205.039 GC heap after
{Heap after GC invocations=1410 (full 24):
 garbage-first heap   total 103424K, used 45064K [0x0000000700a00000, 0x0000000800000000)
  region size 1024K, 2 young (2048K), 2 survivors (2048K)
 Metaspace       used 111900K, capacity 113655K, committed 113916K, reserved 1148928K
  class space    used 14272K, capacity 14860K, committed 14976K, reserved 1048576K
}
Event: 6215.870 GC heap before
{Heap before GC invocations=1410 (full 24):
 garbage-first heap   total 103424K, used 86024K [0x0000000700a00000, 0x0000000800000000)
  region size 1024K, 43 young (44032K), 2 survivors (2048K)
 Metaspace       used 111932K, capacity 113661K, committed 113916K, reserved 1148928K
  class space    used 14272K, capacity 14861K, committed 14976K, reserved 1048576K
}
Event: 6215.871 GC heap after
{Heap after GC invocations=1411 (full 24):
 garbage-first heap   total 103424K, used 45208K [0x0000000700a00000, 0x0000000800000000)
  region size 1024K, 3 young (3072K), 3 survivors (3072K)
 Metaspace       used 111932K, capacity 113661K, committed 113916K, reserved 1148928K
  class space    used 14272K, capacity 14861K, committed 14976K, reserved 1048576K
}
Event: 6217.094 GC heap before
{Heap before GC invocations=1411 (full 24):
 garbage-first heap   total 103424K, used 85144K [0x0000000700a00000, 0x0000000800000000)
  region size 1024K, 42 young (43008K), 3 survivors (3072K)
 Metaspace       used 111936K, capacity 113661K, committed 113916K, reserved 1148928K
  class space    used 14273K, capacity 14861K, committed 14976K, reserved 1048576K
}
Event: 6217.095 GC heap after
{Heap after GC invocations=1412 (full 24):
 garbage-first heap   total 103424K, used 45316K [0x0000000700a00000, 0x0000000800000000)
  region size 1024K, 3 young (3072K), 3 survivors (3072K)
 Metaspace       used 111936K, capacity 113661K, committed 113916K, reserved 1148928K
  class space    used 14273K, capacity 14861K, committed 14976K, reserved 1048576K
}
Event: 6217.744 GC heap before
{Heap before GC invocations=1412 (full 24):
 garbage-first heap   total 103424K, used 72964K [0x0000000700a00000, 0x0000000800000000)
  region size 1024K, 31 young (31744K), 3 survivors (3072K)
 Metaspace       used 112070K, capacity 113789K, committed 113916K, reserved 1148928K
  class space    used 14273K, capacity 14861K, committed 14976K, reserved 1048576K
}
Event: 6217.811 GC heap after
{Heap after GC invocations=1413 (full 25):
 garbage-first heap   total 103424K, used 43353K [0x0000000700a00000, 0x0000000800000000)
  region size 1024K, 0 young (0K), 0 survivors (0K)
 Metaspace       used 112070K, capacity 113789K, committed 113916K, reserved 1148928K
  class space    used 14273K, capacity 14861K, committed 14976K, reserved 1048576K
}
Event: 6226.429 GC heap before
{Heap before GC invocations=1413 (full 25):
 garbage-first heap   total 103424K, used 80217K [0x0000000700a00000, 0x0000000800000000)
  region size 1024K, 38 young (38912K), 0 survivors (0K)
 Metaspace       used 112248K, capacity 113935K, committed 114172K, reserved 1148928K
  class space    used 14275K, capacity 14864K, committed 14976K, reserved 1048576K
}
Event: 6226.516 GC heap after
{Heap after GC invocations=1414 (full 26):
 garbage-first heap   total 103424K, used 42939K [0x0000000700a00000, 0x0000000800000000)
  region size 1024K, 0 young (0K), 0 survivors (0K)
 Metaspace       used 112248K, capacity 113935K, committed 114172K, reserved 1148928K
  class space    used 14275K, capacity 14864K, committed 14976K, reserved 1048576K
}
Event: 6229.451 GC heap before
{Heap before GC invocations=1414 (full 26):
 garbage-first heap   total 103424K, used 84923K [0x0000000700a00000, 0x0000000800000000)
  region size 1024K, 42 young (43008K), 0 survivors (0K)
 Metaspace       used 112249K, capacity 113935K, committed 114172K, reserved 1148928K
  class space    used 14275K, capacity 14864K, committed 14976K, reserved 1048576K
}
Event: 6229.452 GC heap after
{Heap after GC invocations=1415 (full 26):
 garbage-first heap   total 103424K, used 43071K [0x0000000700a00000, 0x0000000800000000)
  region size 1024K, 1 young (1024K), 1 survivors (1024K)
 Metaspace       used 112249K, capacity 113935K, committed 114172K, reserved 1148928K
  class space    used 14275K, capacity 14864K, committed 14976K, reserved 1048576K
}
Event: 6230.661 GC heap before
{Heap before GC invocations=1415 (full 26):
 garbage-first heap   total 103424K, used 86079K [0x0000000700a00000, 0x0000000800000000)
  region size 1024K, 43 young (44032K), 1 survivors (1024K)
 Metaspace       used 112249K, capacity 113935K, committed 114172K, reserved 1148928K
  class space    used 14275K, capacity 14864K, committed 14976K, reserved 1048576K
}
Event: 6230.662 GC heap after
{Heap after GC invocations=1416 (full 26):
 garbage-first heap   total 103424K, used 43087K [0x0000000700a00000, 0x0000000800000000)
  region size 1024K, 1 young (1024K), 1 survivors (1024K)
 Metaspace       used 112249K, capacity 113935K, committed 114172K, reserved 1148928K
  class space    used 14275K, capacity 14864K, committed 14976K, reserved 1048576K
}
Event: 6231.184 GC heap before
{Heap before GC invocations=1416 (full 26):
 garbage-first heap   total 103424K, used 47183K [0x0000000700a00000, 0x0000000800000000)
  region size 1024K, 6 young (6144K), 1 survivors (1024K)
 Metaspace       used 112249K, capacity 113935K, committed 114172K, reserved 1148928K
  class space    used 14275K, capacity 14864K, committed 14976K, reserved 1048576K
}
Event: 6231.246 GC heap after
{Heap after GC invocations=1417 (full 27):
 garbage-first heap   total 103424K, used 41121K [0x0000000700a00000, 0x0000000800000000)
  region size 1024K, 0 young (0K), 0 survivors (0K)
 Metaspace       used 112249K, capacity 113935K, committed 114172K, reserved 1148928K
  class space    used 14275K, capacity 14864K, committed 14976K, reserved 1048576K
}
Event: 6242.141 GC heap before
{Heap before GC invocations=1417 (full 27):
 garbage-first heap   total 103424K, used 86177K [0x0000000700a00000, 0x0000000800000000)
  region size 1024K, 45 young (46080K), 0 survivors (0K)
 Metaspace       used 112283K, capacity 113999K, committed 114172K, reserved 1148928K
  class space    used 14275K, capacity 14864K, committed 14976K, reserved 1048576K
}
Event: 6242.142 GC heap after
{Heap after GC invocations=1418 (full 27):
 garbage-first heap   total 103424K, used 43837K [0x0000000700a00000, 0x0000000800000000)
  region size 1024K, 3 young (3072K), 3 survivors (3072K)
 Metaspace       used 112283K, capacity 113999K, committed 114172K, reserved 1148928K
  class space    used 14275K, capacity 14864K, committed 14976K, reserved 1048576K
}

